[2024-02-03T18:17:54.006+0000] {taskinstance.py:1157} INFO - Dependencies all met for dep_context=non-requeueable deps ti=<TaskInstance: api-file-extract-and-upload.extract_file scheduled__2023-01-15T00:00:00+00:00 [queued]>
[2024-02-03T18:17:54.198+0000] {taskinstance.py:1157} INFO - Dependencies all met for dep_context=requeueable deps ti=<TaskInstance: api-file-extract-and-upload.extract_file scheduled__2023-01-15T00:00:00+00:00 [queued]>
[2024-02-03T18:17:54.210+0000] {taskinstance.py:1359} INFO - Starting attempt 1 of 4
[2024-02-03T18:17:54.491+0000] {taskinstance.py:1380} INFO - Executing <Task(PythonOperator): extract_file> on 2023-01-15 00:00:00+00:00
[2024-02-03T18:17:54.706+0000] {standard_task_runner.py:57} INFO - Started process 1500 to run task
[2024-02-03T18:17:54.884+0000] {standard_task_runner.py:84} INFO - Running: ['***', 'tasks', 'run', 'api-file-extract-and-upload', 'extract_file', 'scheduled__2023-01-15T00:00:00+00:00', '--job-id', '3711', '--raw', '--subdir', 'DAGS_FOLDER/api_extract.py', '--cfg-path', '/tmp/tmpdniffwm2']
[2024-02-03T18:17:55.028+0000] {standard_task_runner.py:85} INFO - Job 3711: Subtask extract_file
[2024-02-03T18:17:57.814+0000] {task_command.py:415} INFO - Running <TaskInstance: api-file-extract-and-upload.extract_file scheduled__2023-01-15T00:00:00+00:00 [running]> on host dbb3489df186
[2024-02-03T18:18:06.582+0000] {taskinstance.py:1660} INFO - Exporting env vars: AIRFLOW_CTX_DAG_OWNER='***' AIRFLOW_CTX_DAG_ID='api-file-extract-and-upload' AIRFLOW_CTX_TASK_ID='extract_file' AIRFLOW_CTX_EXECUTION_DATE='2023-01-15T00:00:00+00:00' AIRFLOW_CTX_TRY_NUMBER='1' AIRFLOW_CTX_DAG_RUN_ID='scheduled__2023-01-15T00:00:00+00:00'
[2024-02-03T18:18:17.915+0000] {taskinstance.py:1935} ERROR - Task failed with exception
Traceback (most recent call last):
  File "/home/airflow/.local/lib/python3.11/site-packages/urllib3/connection.py", line 174, in _new_conn
    conn = connection.create_connection(
           ^^^^^^^^^^^^^^^^^^^^^^^^^^^^^
  File "/home/airflow/.local/lib/python3.11/site-packages/urllib3/util/connection.py", line 72, in create_connection
    for res in socket.getaddrinfo(host, port, family, socket.SOCK_STREAM):
               ^^^^^^^^^^^^^^^^^^^^^^^^^^^^^^^^^^^^^^^^^^^^^^^^^^^^^^^^^^
  File "/usr/local/lib/python3.11/socket.py", line 962, in getaddrinfo
    for res in _socket.getaddrinfo(host, port, family, type, proto, flags):
               ^^^^^^^^^^^^^^^^^^^^^^^^^^^^^^^^^^^^^^^^^^^^^^^^^^^^^^^^^^^
socket.gaierror: [Errno -3] Temporary failure in name resolution

During handling of the above exception, another exception occurred:

Traceback (most recent call last):
  File "/home/airflow/.local/lib/python3.11/site-packages/urllib3/connectionpool.py", line 714, in urlopen
    httplib_response = self._make_request(
                       ^^^^^^^^^^^^^^^^^^^
  File "/home/airflow/.local/lib/python3.11/site-packages/urllib3/connectionpool.py", line 415, in _make_request
    conn.request(method, url, **httplib_request_kw)
  File "/home/airflow/.local/lib/python3.11/site-packages/urllib3/connection.py", line 244, in request
    super(HTTPConnection, self).request(method, url, body=body, headers=headers)
  File "/usr/local/lib/python3.11/http/client.py", line 1286, in request
    self._send_request(method, url, body, headers, encode_chunked)
  File "/usr/local/lib/python3.11/http/client.py", line 1332, in _send_request
    self.endheaders(body, encode_chunked=encode_chunked)
  File "/usr/local/lib/python3.11/http/client.py", line 1281, in endheaders
    self._send_output(message_body, encode_chunked=encode_chunked)
  File "/usr/local/lib/python3.11/http/client.py", line 1041, in _send_output
    self.send(msg)
  File "/usr/local/lib/python3.11/http/client.py", line 979, in send
    self.connect()
  File "/home/airflow/.local/lib/python3.11/site-packages/urllib3/connection.py", line 205, in connect
    conn = self._new_conn()
           ^^^^^^^^^^^^^^^^
  File "/home/airflow/.local/lib/python3.11/site-packages/urllib3/connection.py", line 186, in _new_conn
    raise NewConnectionError(
urllib3.exceptions.NewConnectionError: <urllib3.connection.HTTPConnection object at 0xffff62963b10>: Failed to establish a new connection: [Errno -3] Temporary failure in name resolution

During handling of the above exception, another exception occurred:

Traceback (most recent call last):
  File "/home/airflow/.local/lib/python3.11/site-packages/requests/adapters.py", line 486, in send
    resp = conn.urlopen(
           ^^^^^^^^^^^^^
  File "/home/airflow/.local/lib/python3.11/site-packages/urllib3/connectionpool.py", line 798, in urlopen
    retries = retries.increment(
              ^^^^^^^^^^^^^^^^^^
  File "/home/airflow/.local/lib/python3.11/site-packages/urllib3/util/retry.py", line 592, in increment
    raise MaxRetryError(_pool, url, error or ResponseError(cause))
urllib3.exceptions.MaxRetryError: HTTPConnectionPool(host='universities.hipolabs.com', port=80): Max retries exceeded with url: /search?country=United+States (Caused by NewConnectionError('<urllib3.connection.HTTPConnection object at 0xffff62963b10>: Failed to establish a new connection: [Errno -3] Temporary failure in name resolution'))

During handling of the above exception, another exception occurred:

Traceback (most recent call last):
  File "/home/airflow/.local/lib/python3.11/site-packages/airflow/operators/python.py", line 192, in execute
    return_value = self.execute_callable()
                   ^^^^^^^^^^^^^^^^^^^^^^^
  File "/home/airflow/.local/lib/python3.11/site-packages/airflow/operators/python.py", line 209, in execute_callable
    return self.python_callable(*self.op_args, **self.op_kwargs)
           ^^^^^^^^^^^^^^^^^^^^^^^^^^^^^^^^^^^^^^^^^^^^^^^^^^^^^
  File "/opt/airflow/dags/api_extract.py", line 36, in extract_file
    response = requests.get(url)
               ^^^^^^^^^^^^^^^^^
  File "/home/airflow/.local/lib/python3.11/site-packages/requests/api.py", line 73, in get
    return request("get", url, params=params, **kwargs)
           ^^^^^^^^^^^^^^^^^^^^^^^^^^^^^^^^^^^^^^^^^^^^
  File "/home/airflow/.local/lib/python3.11/site-packages/requests/api.py", line 59, in request
    return session.request(method=method, url=url, **kwargs)
           ^^^^^^^^^^^^^^^^^^^^^^^^^^^^^^^^^^^^^^^^^^^^^^^^^
  File "/home/airflow/.local/lib/python3.11/site-packages/requests/sessions.py", line 589, in request
    resp = self.send(prep, **send_kwargs)
           ^^^^^^^^^^^^^^^^^^^^^^^^^^^^^^
  File "/home/airflow/.local/lib/python3.11/site-packages/requests/sessions.py", line 703, in send
    r = adapter.send(request, **kwargs)
        ^^^^^^^^^^^^^^^^^^^^^^^^^^^^^^^
  File "/home/airflow/.local/lib/python3.11/site-packages/requests/adapters.py", line 519, in send
    raise ConnectionError(e, request=request)
requests.exceptions.ConnectionError: HTTPConnectionPool(host='universities.hipolabs.com', port=80): Max retries exceeded with url: /search?country=United+States (Caused by NewConnectionError('<urllib3.connection.HTTPConnection object at 0xffff62963b10>: Failed to establish a new connection: [Errno -3] Temporary failure in name resolution'))
[2024-02-03T18:19:09.994+0000] {taskinstance.py:1398} INFO - Marking task as UP_FOR_RETRY. dag_id=api-file-extract-and-upload, task_id=extract_file, execution_date=20230115T000000, start_date=20240203T181754, end_date=20240203T181909
[2024-02-03T18:19:10.972+0000] {standard_task_runner.py:104} ERROR - Failed to execute job 3711 for task extract_file (HTTPConnectionPool(host='universities.hipolabs.com', port=80): Max retries exceeded with url: /search?country=United+States (Caused by NewConnectionError('<urllib3.connection.HTTPConnection object at 0xffff62963b10>: Failed to establish a new connection: [Errno -3] Temporary failure in name resolution')); 1500)
[2024-02-03T18:19:11.343+0000] {local_task_job_runner.py:228} INFO - Task exited with return code 1
[2024-02-03T18:19:13.108+0000] {taskinstance.py:2776} INFO - 0 downstream tasks scheduled from follow-on schedule check
