[2024-02-03T21:50:39.826+0000] {taskinstance.py:1157} INFO - Dependencies all met for dep_context=non-requeueable deps ti=<TaskInstance: api_file-extract-and-upload.transfer_file scheduled__2022-08-24T00:00:00+00:00 [queued]>
[2024-02-03T21:50:39.912+0000] {taskinstance.py:1157} INFO - Dependencies all met for dep_context=requeueable deps ti=<TaskInstance: api_file-extract-and-upload.transfer_file scheduled__2022-08-24T00:00:00+00:00 [queued]>
[2024-02-03T21:50:39.917+0000] {taskinstance.py:1359} INFO - Starting attempt 1 of 4
[2024-02-03T21:50:40.124+0000] {taskinstance.py:1380} INFO - Executing <Task(PythonOperator): transfer_file> on 2022-08-24 00:00:00+00:00
[2024-02-03T21:50:40.214+0000] {standard_task_runner.py:57} INFO - Started process 6148 to run task
[2024-02-03T21:50:40.323+0000] {standard_task_runner.py:84} INFO - Running: ['***', 'tasks', 'run', 'api_file-extract-and-upload', 'transfer_file', 'scheduled__2022-08-24T00:00:00+00:00', '--job-id', '7486', '--raw', '--subdir', 'DAGS_FOLDER/api_extract.py', '--cfg-path', '/tmp/tmpjq56dor5']
[2024-02-03T21:50:40.341+0000] {standard_task_runner.py:85} INFO - Job 7486: Subtask transfer_file
[2024-02-03T21:50:41.325+0000] {task_command.py:415} INFO - Running <TaskInstance: api_file-extract-and-upload.transfer_file scheduled__2022-08-24T00:00:00+00:00 [running]> on host dbb3489df186
[2024-02-03T21:50:42.197+0000] {taskinstance.py:1660} INFO - Exporting env vars: AIRFLOW_CTX_DAG_OWNER='***' AIRFLOW_CTX_DAG_ID='api_file-extract-and-upload' AIRFLOW_CTX_TASK_ID='transfer_file' AIRFLOW_CTX_EXECUTION_DATE='2022-08-24T00:00:00+00:00' AIRFLOW_CTX_TRY_NUMBER='1' AIRFLOW_CTX_DAG_RUN_ID='scheduled__2022-08-24T00:00:00+00:00'
[2024-02-03T21:50:56.865+0000] {taskinstance.py:1935} ERROR - Task failed with exception
Traceback (most recent call last):
  File "/home/airflow/.local/lib/python3.11/site-packages/sqlalchemy/engine/base.py", line 1890, in _execute_context
    self.dialect.do_executemany(
  File "/home/airflow/.local/lib/python3.11/site-packages/sqlalchemy/dialects/postgresql/psycopg2.py", line 982, in do_executemany
    context._psycopg2_fetched_rows = xtras.execute_values(
                                     ^^^^^^^^^^^^^^^^^^^^^
  File "/home/airflow/.local/lib/python3.11/site-packages/psycopg2/extras.py", line 1296, in execute_values
    parts.append(cur.mogrify(template, args))
                 ^^^^^^^^^^^^^^^^^^^^^^^^^^^
psycopg2.ProgrammingError: can't adapt type 'dict'

The above exception was the direct cause of the following exception:

Traceback (most recent call last):
  File "/home/airflow/.local/lib/python3.11/site-packages/airflow/operators/python.py", line 192, in execute
    return_value = self.execute_callable()
                   ^^^^^^^^^^^^^^^^^^^^^^^
  File "/home/airflow/.local/lib/python3.11/site-packages/airflow/operators/python.py", line 209, in execute_callable
    return self.python_callable(*self.op_args, **self.op_kwargs)
           ^^^^^^^^^^^^^^^^^^^^^^^^^^^^^^^^^^^^^^^^^^^^^^^^^^^^^
  File "/opt/airflow/dags/api_extract.py", line 70, in transfer_file
    new_df = df.to_sql("uni-data1", con=conn, schema="olist")
             ^^^^^^^^^^^^^^^^^^^^^^^^^^^^^^^^^^^^^^^^^^^^^^^^
  File "/home/airflow/.local/lib/python3.11/site-packages/pandas/util/_decorators.py", line 333, in wrapper
    return func(*args, **kwargs)
           ^^^^^^^^^^^^^^^^^^^^^
  File "/home/airflow/.local/lib/python3.11/site-packages/pandas/core/generic.py", line 3008, in to_sql
    return sql.to_sql(
           ^^^^^^^^^^^
  File "/home/airflow/.local/lib/python3.11/site-packages/pandas/io/sql.py", line 788, in to_sql
    return pandas_sql.to_sql(
           ^^^^^^^^^^^^^^^^^^
  File "/home/airflow/.local/lib/python3.11/site-packages/pandas/io/sql.py", line 1958, in to_sql
    total_inserted = sql_engine.insert_records(
                     ^^^^^^^^^^^^^^^^^^^^^^^^^^
  File "/home/airflow/.local/lib/python3.11/site-packages/pandas/io/sql.py", line 1507, in insert_records
    raise err
  File "/home/airflow/.local/lib/python3.11/site-packages/pandas/io/sql.py", line 1498, in insert_records
    return table.insert(chunksize=chunksize, method=method)
           ^^^^^^^^^^^^^^^^^^^^^^^^^^^^^^^^^^^^^^^^^^^^^^^^
  File "/home/airflow/.local/lib/python3.11/site-packages/pandas/io/sql.py", line 1059, in insert
    num_inserted = exec_insert(conn, keys, chunk_iter)
                   ^^^^^^^^^^^^^^^^^^^^^^^^^^^^^^^^^^^
  File "/home/airflow/.local/lib/python3.11/site-packages/pandas/io/sql.py", line 951, in _execute_insert
    result = conn.execute(self.table.insert(), data)
             ^^^^^^^^^^^^^^^^^^^^^^^^^^^^^^^^^^^^^^^
  File "/home/airflow/.local/lib/python3.11/site-packages/sqlalchemy/engine/base.py", line 1385, in execute
    return meth(self, multiparams, params, _EMPTY_EXECUTION_OPTS)
           ^^^^^^^^^^^^^^^^^^^^^^^^^^^^^^^^^^^^^^^^^^^^^^^^^^^^^^
  File "/home/airflow/.local/lib/python3.11/site-packages/sqlalchemy/sql/elements.py", line 334, in _execute_on_connection
    return connection._execute_clauseelement(
           ^^^^^^^^^^^^^^^^^^^^^^^^^^^^^^^^^^
  File "/home/airflow/.local/lib/python3.11/site-packages/sqlalchemy/engine/base.py", line 1577, in _execute_clauseelement
    ret = self._execute_context(
          ^^^^^^^^^^^^^^^^^^^^^^
  File "/home/airflow/.local/lib/python3.11/site-packages/sqlalchemy/engine/base.py", line 1953, in _execute_context
    self._handle_dbapi_exception(
  File "/home/airflow/.local/lib/python3.11/site-packages/sqlalchemy/engine/base.py", line 2134, in _handle_dbapi_exception
    util.raise_(
  File "/home/airflow/.local/lib/python3.11/site-packages/sqlalchemy/util/compat.py", line 211, in raise_
    raise exception
  File "/home/airflow/.local/lib/python3.11/site-packages/sqlalchemy/engine/base.py", line 1890, in _execute_context
    self.dialect.do_executemany(
  File "/home/airflow/.local/lib/python3.11/site-packages/sqlalchemy/dialects/postgresql/psycopg2.py", line 982, in do_executemany
    context._psycopg2_fetched_rows = xtras.execute_values(
                                     ^^^^^^^^^^^^^^^^^^^^^
  File "/home/airflow/.local/lib/python3.11/site-packages/psycopg2/extras.py", line 1296, in execute_values
    parts.append(cur.mogrify(template, args))
                 ^^^^^^^^^^^^^^^^^^^^^^^^^^^
sqlalchemy.exc.ProgrammingError: (psycopg2.ProgrammingError) can't adapt type 'dict'
[SQL: INSERT INTO olist."uni-data1" (index, col) VALUES (%(index)s, %(col)s)]
[parameters: ({'index': 0, 'col': {'alpha_two_code': 'US', 'country': 'United States', 'domains': array(['marywood.edu'], dtype=object), 'name': 'Marywood University', 'state-province': None, 'web_pages': array(['http://www.marywood.edu'], dtype=object)}}, {'index': 1, 'col': {'alpha_two_code': 'US', 'country': 'United States', 'domains': array(['lindenwood.edu'], dtype=object), 'name': 'Lindenwood University', 'state-province': None, 'web_pages': array(['http://www.lindenwood.edu/'], dtype=object)}}, {'index': 2, 'col': {'alpha_two_code': 'US', 'country': 'United States', 'domains': array(['sullivan.edu'], dtype=object), 'name': 'Sullivan University', 'state-province': None, 'web_pages': array(['https://sullivan.edu/'], dtype=object)}}, {'index': 3, 'col': {'alpha_two_code': 'US', 'country': 'United States', 'domains': array(['fscj.edu'], dtype=object), 'name': 'Florida State College at Jacksonville', 'state-province': None, 'web_pages': array(['https://www.fscj.edu/'], dtype=object)}}, {'index': 4, 'col': {'alpha_two_code': 'US', 'country': 'United States', 'domains': array(['xavier.edu'], dtype=object), 'name': 'Xavier University', 'state-province': None, 'web_pages': array(['https://www.xavier.edu/'], dtype=object)}}, {'index': 5, 'col': {'alpha_two_code': 'US', 'country': 'United States', 'domains': array(['tusculum.edu'], dtype=object), 'name': 'Tusculum College', 'state-province': None, 'web_pages': array(['https://home.tusculum.edu/'], dtype=object)}}, {'index': 6, 'col': {'alpha_two_code': 'US', 'country': 'United States', 'domains': array(['cst.edu'], dtype=object), 'name': 'Claremont School of Theology', 'state-province': None, 'web_pages': array(['https://cst.edu/'], dtype=object)}}, {'index': 7, 'col': {'alpha_two_code': 'US', 'country': 'United States', 'domains': array(['columbiasc.edu'], dtype=object), 'name': 'Columbia College (SC)', 'state-province': None, 'web_pages': array(['https://www.columbiasc.edu/'], dtype=object)}}  ... displaying 10 of 2287 total bound parameter sets ...  {'index': 2285, 'col': {'alpha_two_code': 'US', 'country': 'United States', 'domains': array(['suny.oneonta.edu'], dtype=object), 'name': 'State University of New York at Oneonta', 'state-province': 'New York', 'web_pages': array(['https://suny.oneonta.edu'], dtype=object)}}, {'index': 2286, 'col': {'alpha_two_code': 'US', 'country': 'United States', 'domains': array(['nmc.edu'], dtype=object), 'name': 'Northwestern Michigan College', 'state-province': 'Michigan', 'web_pages': array(['https://www.nmc.edu'], dtype=object)}})]
(Background on this error at: https://sqlalche.me/e/14/f405)
[2024-02-03T21:50:58.492+0000] {taskinstance.py:1398} INFO - Marking task as UP_FOR_RETRY. dag_id=api_file-extract-and-upload, task_id=transfer_file, execution_date=20220824T000000, start_date=20240203T215039, end_date=20240203T215058
[2024-02-03T21:50:59.170+0000] {standard_task_runner.py:104} ERROR - Failed to execute job 7486 for task transfer_file ((psycopg2.ProgrammingError) can't adapt type 'dict'
[SQL: INSERT INTO olist."uni-data1" (index, col) VALUES (%(index)s, %(col)s)]
[parameters: ({'index': 0, 'col': {'alpha_two_code': 'US', 'country': 'United States', 'domains': array(['marywood.edu'], dtype=object), 'name': 'Marywood University', 'state-province': None, 'web_pages': array(['http://www.marywood.edu'], dtype=object)}}, {'index': 1, 'col': {'alpha_two_code': 'US', 'country': 'United States', 'domains': array(['lindenwood.edu'], dtype=object), 'name': 'Lindenwood University', 'state-province': None, 'web_pages': array(['http://www.lindenwood.edu/'], dtype=object)}}, {'index': 2, 'col': {'alpha_two_code': 'US', 'country': 'United States', 'domains': array(['sullivan.edu'], dtype=object), 'name': 'Sullivan University', 'state-province': None, 'web_pages': array(['https://sullivan.edu/'], dtype=object)}}, {'index': 3, 'col': {'alpha_two_code': 'US', 'country': 'United States', 'domains': array(['fscj.edu'], dtype=object), 'name': 'Florida State College at Jacksonville', 'state-province': None, 'web_pages': array(['https://www.fscj.edu/'], dtype=object)}}, {'index': 4, 'col': {'alpha_two_code': 'US', 'country': 'United States', 'domains': array(['xavier.edu'], dtype=object), 'name': 'Xavier University', 'state-province': None, 'web_pages': array(['https://www.xavier.edu/'], dtype=object)}}, {'index': 5, 'col': {'alpha_two_code': 'US', 'country': 'United States', 'domains': array(['tusculum.edu'], dtype=object), 'name': 'Tusculum College', 'state-province': None, 'web_pages': array(['https://home.tusculum.edu/'], dtype=object)}}, {'index': 6, 'col': {'alpha_two_code': 'US', 'country': 'United States', 'domains': array(['cst.edu'], dtype=object), 'name': 'Claremont School of Theology', 'state-province': None, 'web_pages': array(['https://cst.edu/'], dtype=object)}}, {'index': 7, 'col': {'alpha_two_code': 'US', 'country': 'United States', 'domains': array(['columbiasc.edu'], dtype=object), 'name': 'Columbia College (SC)', 'state-province': None, 'web_pages': array(['https://www.columbiasc.edu/'], dtype=object)}}  ... displaying 10 of 2287 total bound parameter sets ...  {'index': 2285, 'col': {'alpha_two_code': 'US', 'country': 'United States', 'domains': array(['suny.oneonta.edu'], dtype=object), 'name': 'State University of New York at Oneonta', 'state-province': 'New York', 'web_pages': array(['https://suny.oneonta.edu'], dtype=object)}}, {'index': 2286, 'col': {'alpha_two_code': 'US', 'country': 'United States', 'domains': array(['nmc.edu'], dtype=object), 'name': 'Northwestern Michigan College', 'state-province': 'Michigan', 'web_pages': array(['https://www.nmc.edu'], dtype=object)}})]
(Background on this error at: https://sqlalche.me/e/14/f405); 6148)
[2024-02-03T21:50:59.421+0000] {local_task_job_runner.py:228} INFO - Task exited with return code 1
[2024-02-03T21:51:00.449+0000] {taskinstance.py:2776} INFO - 0 downstream tasks scheduled from follow-on schedule check
