[2023-05-01T00:11:03.389+0000] {taskinstance.py:1083} INFO - Dependencies all met for <TaskInstance: create_s3_bucket.create_bucket scheduled__2023-04-30T00:00:00+00:00 [queued]>
[2023-05-01T00:11:03.448+0000] {taskinstance.py:1083} INFO - Dependencies all met for <TaskInstance: create_s3_bucket.create_bucket scheduled__2023-04-30T00:00:00+00:00 [queued]>
[2023-05-01T00:11:03.452+0000] {taskinstance.py:1279} INFO - 
--------------------------------------------------------------------------------
[2023-05-01T00:11:03.453+0000] {taskinstance.py:1280} INFO - Starting attempt 1 of 4
[2023-05-01T00:11:03.455+0000] {taskinstance.py:1281} INFO - 
--------------------------------------------------------------------------------
[2023-05-01T00:11:03.503+0000] {taskinstance.py:1300} INFO - Executing <Task(PythonOperator): create_bucket> on 2023-04-30 00:00:00+00:00
[2023-05-01T00:11:03.555+0000] {standard_task_runner.py:55} INFO - Started process 14162 to run task
[2023-05-01T00:11:03.620+0000] {standard_task_runner.py:82} INFO - Running: ['***', 'tasks', 'run', 'create_s3_bucket', 'create_bucket', 'scheduled__2023-04-30T00:00:00+00:00', '--job-id', '4724', '--raw', '--subdir', 'DAGS_FOLDER/s3_create.py', '--cfg-path', '/tmp/tmpkiwpu_sf']
[2023-05-01T00:11:03.626+0000] {standard_task_runner.py:83} INFO - Job 4724: Subtask create_bucket
[2023-05-01T00:11:03.946+0000] {task_command.py:388} INFO - Running <TaskInstance: create_s3_bucket.create_bucket scheduled__2023-04-30T00:00:00+00:00 [running]> on host fe34f61acbb3
[2023-05-01T00:11:04.455+0000] {taskinstance.py:1509} INFO - Exporting the following env vars:
AIRFLOW_CTX_DAG_OWNER=***
AIRFLOW_CTX_DAG_ID=create_s3_bucket
AIRFLOW_CTX_TASK_ID=create_bucket
AIRFLOW_CTX_EXECUTION_DATE=2023-04-30T00:00:00+00:00
AIRFLOW_CTX_TRY_NUMBER=1
AIRFLOW_CTX_DAG_RUN_ID=scheduled__2023-04-30T00:00:00+00:00
[2023-05-01T01:33:05.110+0000] {local_task_job.py:273} WARNING - State of this instance has been externally set to up_for_retry. Terminating instance.
[2023-05-01T01:33:05.669+0000] {process_utils.py:133} INFO - Sending Signals.SIGTERM to group 14162. PIDs of all processes in the group: [14162]
[2023-05-01T01:33:05.705+0000] {process_utils.py:84} INFO - Sending the signal Signals.SIGTERM to group 14162
[2023-05-01T01:33:05.799+0000] {taskinstance.py:1479} ERROR - Received SIGTERM. Terminating subprocesses.
[2023-05-01T01:33:06.005+0000] {taskinstance.py:1768} ERROR - Task failed with exception
Traceback (most recent call last):
  File "/home/airflow/.local/lib/python3.7/site-packages/botocore/httpsession.py", line 464, in send
    chunked=self._chunked(request.headers),
  File "/home/airflow/.local/lib/python3.7/site-packages/urllib3/connectionpool.py", line 710, in urlopen
    chunked=chunked,
  File "/home/airflow/.local/lib/python3.7/site-packages/urllib3/connectionpool.py", line 386, in _make_request
    self._validate_conn(conn)
  File "/home/airflow/.local/lib/python3.7/site-packages/urllib3/connectionpool.py", line 1042, in _validate_conn
    conn.connect()
  File "/home/airflow/.local/lib/python3.7/site-packages/urllib3/connection.py", line 424, in connect
    tls_in_tls=tls_in_tls,
  File "/home/airflow/.local/lib/python3.7/site-packages/urllib3/util/ssl_.py", line 402, in ssl_wrap_socket
    context.load_verify_locations(ca_certs, ca_cert_dir, ca_cert_data)
  File "/home/airflow/.local/lib/python3.7/site-packages/airflow/models/taskinstance.py", line 1481, in signal_handler
    raise AirflowException("Task received SIGTERM signal")
airflow.exceptions.AirflowException: Task received SIGTERM signal

During handling of the above exception, another exception occurred:

Traceback (most recent call last):
  File "/home/airflow/.local/lib/python3.7/site-packages/airflow/operators/python.py", line 175, in execute
    return_value = self.execute_callable()
  File "/home/airflow/.local/lib/python3.7/site-packages/airflow/operators/python.py", line 192, in execute_callable
    return self.python_callable(*self.op_args, **self.op_kwargs)
  File "/opt/airflow/dags/s3_create.py", line 33, in create_bucket
    'LocationConstraint': 'eu-central-1',
  File "/home/airflow/.local/lib/python3.7/site-packages/boto3/resources/factory.py", line 580, in do_action
    response = action(self, *args, **kwargs)
  File "/home/airflow/.local/lib/python3.7/site-packages/boto3/resources/action.py", line 88, in __call__
    response = getattr(parent.meta.client, operation_name)(*args, **params)
  File "/home/airflow/.local/lib/python3.7/site-packages/botocore/client.py", line 530, in _api_call
    return self._make_api_call(operation_name, kwargs)
  File "/home/airflow/.local/lib/python3.7/site-packages/botocore/client.py", line 944, in _make_api_call
    operation_model, request_dict, request_context
  File "/home/airflow/.local/lib/python3.7/site-packages/botocore/client.py", line 966, in _make_request
    return self._endpoint.make_request(operation_model, request_dict)
  File "/home/airflow/.local/lib/python3.7/site-packages/botocore/endpoint.py", line 119, in make_request
    return self._send_request(request_dict, operation_model)
  File "/home/airflow/.local/lib/python3.7/site-packages/botocore/endpoint.py", line 207, in _send_request
    exception,
  File "/home/airflow/.local/lib/python3.7/site-packages/botocore/endpoint.py", line 361, in _needs_retry
    request_dict=request_dict,
  File "/home/airflow/.local/lib/python3.7/site-packages/botocore/hooks.py", line 412, in emit
    return self._emitter.emit(aliased_event_name, **kwargs)
  File "/home/airflow/.local/lib/python3.7/site-packages/botocore/hooks.py", line 256, in emit
    return self._emit(event_name, kwargs)
  File "/home/airflow/.local/lib/python3.7/site-packages/botocore/hooks.py", line 239, in _emit
    response = handler(**kwargs)
  File "/home/airflow/.local/lib/python3.7/site-packages/botocore/retryhandler.py", line 207, in __call__
    if self._checker(**checker_kwargs):
  File "/home/airflow/.local/lib/python3.7/site-packages/botocore/retryhandler.py", line 285, in __call__
    attempt_number, response, caught_exception
  File "/home/airflow/.local/lib/python3.7/site-packages/botocore/retryhandler.py", line 308, in _should_retry
    attempt_number, response, caught_exception
  File "/home/airflow/.local/lib/python3.7/site-packages/botocore/retryhandler.py", line 364, in __call__
    attempt_number, response, caught_exception
  File "/home/airflow/.local/lib/python3.7/site-packages/botocore/retryhandler.py", line 248, in __call__
    attempt_number, caught_exception
  File "/home/airflow/.local/lib/python3.7/site-packages/botocore/retryhandler.py", line 416, in _check_caught_exception
    raise caught_exception
  File "/home/airflow/.local/lib/python3.7/site-packages/botocore/endpoint.py", line 281, in _do_get_response
    http_response = self._send(request)
  File "/home/airflow/.local/lib/python3.7/site-packages/botocore/endpoint.py", line 377, in _send
    return self.http_session.send(request)
  File "/home/airflow/.local/lib/python3.7/site-packages/botocore/httpsession.py", line 500, in send
    raise HTTPClientError(error=e)
botocore.exceptions.HTTPClientError: An HTTP Client raised an unhandled exception: Task received SIGTERM signal
[2023-05-01T01:33:06.434+0000] {taskinstance.py:1323} INFO - Marking task as UP_FOR_RETRY. dag_id=create_s3_bucket, task_id=create_bucket, execution_date=20230430T000000, start_date=20230501T001103, end_date=20230501T013306
[2023-05-01T01:33:06.924+0000] {standard_task_runner.py:105} ERROR - Failed to execute job 4724 for task create_bucket (An HTTP Client raised an unhandled exception: Task received SIGTERM signal; 14162)
[2023-05-01T01:33:08.169+0000] {process_utils.py:79} INFO - Process psutil.Process(pid=14162, status='terminated', exitcode=1, started='00:11:03') (14162) terminated with exit code 1
