[2024-01-29T08:46:49.450+0000] {taskinstance.py:1157} INFO - Dependencies all met for dep_context=non-requeueable deps ti=<TaskInstance: read_s3_data.read_s3_data manual__2024-01-29T08:46:04.676944+00:00 [queued]>
[2024-01-29T08:46:49.457+0000] {taskinstance.py:1157} INFO - Dependencies all met for dep_context=requeueable deps ti=<TaskInstance: read_s3_data.read_s3_data manual__2024-01-29T08:46:04.676944+00:00 [queued]>
[2024-01-29T08:46:49.459+0000] {taskinstance.py:1359} INFO - Starting attempt 3 of 4
[2024-01-29T08:46:49.468+0000] {taskinstance.py:1380} INFO - Executing <Task(PythonOperator): read_s3_data> on 2024-01-29 08:46:04.676944+00:00
[2024-01-29T08:46:49.474+0000] {standard_task_runner.py:57} INFO - Started process 57835 to run task
[2024-01-29T08:46:49.479+0000] {standard_task_runner.py:84} INFO - Running: ['***', 'tasks', 'run', 'read_s3_data', 'read_s3_data', 'manual__2024-01-29T08:46:04.676944+00:00', '--job-id', '2725', '--raw', '--subdir', 'DAGS_FOLDER/read.py', '--cfg-path', '/tmp/tmp8qfet507']
[2024-01-29T08:46:49.481+0000] {standard_task_runner.py:85} INFO - Job 2725: Subtask read_s3_data
[2024-01-29T08:46:49.534+0000] {task_command.py:415} INFO - Running <TaskInstance: read_s3_data.read_s3_data manual__2024-01-29T08:46:04.676944+00:00 [running]> on host dbb3489df186
[2024-01-29T08:46:49.612+0000] {taskinstance.py:1660} INFO - Exporting env vars: AIRFLOW_CTX_DAG_OWNER='***' AIRFLOW_CTX_DAG_ID='read_s3_data' AIRFLOW_CTX_TASK_ID='read_s3_data' AIRFLOW_CTX_EXECUTION_DATE='2024-01-29T08:46:04.676944+00:00' AIRFLOW_CTX_TRY_NUMBER='3' AIRFLOW_CTX_DAG_RUN_ID='manual__2024-01-29T08:46:04.676944+00:00'
[2024-01-29T08:46:57.872+0000] {taskinstance.py:1935} ERROR - Task failed with exception
Traceback (most recent call last):
  File "/home/airflow/.local/lib/python3.11/site-packages/sqlalchemy/engine/base.py", line 1910, in _execute_context
    self.dialect.do_execute(
  File "/home/airflow/.local/lib/python3.11/site-packages/sqlalchemy/engine/default.py", line 736, in do_execute
    cursor.execute(statement, parameters)
psycopg2.errors.InvalidSchemaName: schema "olist" does not exist
LINE 2: CREATE TABLE olist.old_customer1 (
                     ^


The above exception was the direct cause of the following exception:

Traceback (most recent call last):
  File "/home/airflow/.local/lib/python3.11/site-packages/airflow/operators/python.py", line 192, in execute
    return_value = self.execute_callable()
                   ^^^^^^^^^^^^^^^^^^^^^^^
  File "/home/airflow/.local/lib/python3.11/site-packages/airflow/operators/python.py", line 209, in execute_callable
    return self.python_callable(*self.op_args, **self.op_kwargs)
           ^^^^^^^^^^^^^^^^^^^^^^^^^^^^^^^^^^^^^^^^^^^^^^^^^^^^^
  File "/opt/airflow/dags/read.py", line 41, in read_s3_file
    new_df = df.to_sql("old_customer1", con=conn, schema="olist")
             ^^^^^^^^^^^^^^^^^^^^^^^^^^^^^^^^^^^^^^^^^^^^^^^^^^^^
  File "/home/airflow/.local/lib/python3.11/site-packages/pandas/util/_decorators.py", line 333, in wrapper
    return func(*args, **kwargs)
           ^^^^^^^^^^^^^^^^^^^^^
  File "/home/airflow/.local/lib/python3.11/site-packages/pandas/core/generic.py", line 3008, in to_sql
    return sql.to_sql(
           ^^^^^^^^^^^
  File "/home/airflow/.local/lib/python3.11/site-packages/pandas/io/sql.py", line 788, in to_sql
    return pandas_sql.to_sql(
           ^^^^^^^^^^^^^^^^^^
  File "/home/airflow/.local/lib/python3.11/site-packages/pandas/io/sql.py", line 1948, in to_sql
    table = self.prep_table(
            ^^^^^^^^^^^^^^^^
  File "/home/airflow/.local/lib/python3.11/site-packages/pandas/io/sql.py", line 1852, in prep_table
    table.create()
  File "/home/airflow/.local/lib/python3.11/site-packages/pandas/io/sql.py", line 936, in create
    self._execute_create()
  File "/home/airflow/.local/lib/python3.11/site-packages/pandas/io/sql.py", line 922, in _execute_create
    self.table.create(bind=self.pd_sql.con)
  File "/home/airflow/.local/lib/python3.11/site-packages/sqlalchemy/sql/schema.py", line 962, in create
    bind._run_ddl_visitor(ddl.SchemaGenerator, self, checkfirst=checkfirst)
  File "/home/airflow/.local/lib/python3.11/site-packages/sqlalchemy/engine/base.py", line 2221, in _run_ddl_visitor
    visitorcallable(self.dialect, self, **kwargs).traverse_single(element)
  File "/home/airflow/.local/lib/python3.11/site-packages/sqlalchemy/sql/visitors.py", line 524, in traverse_single
    return meth(obj, **kw)
           ^^^^^^^^^^^^^^^
  File "/home/airflow/.local/lib/python3.11/site-packages/sqlalchemy/sql/ddl.py", line 899, in visit_table
    self.connection.execute(
  File "/home/airflow/.local/lib/python3.11/site-packages/sqlalchemy/engine/base.py", line 1385, in execute
    return meth(self, multiparams, params, _EMPTY_EXECUTION_OPTS)
           ^^^^^^^^^^^^^^^^^^^^^^^^^^^^^^^^^^^^^^^^^^^^^^^^^^^^^^
  File "/home/airflow/.local/lib/python3.11/site-packages/sqlalchemy/sql/ddl.py", line 80, in _execute_on_connection
    return connection._execute_ddl(
           ^^^^^^^^^^^^^^^^^^^^^^^^
  File "/home/airflow/.local/lib/python3.11/site-packages/sqlalchemy/engine/base.py", line 1477, in _execute_ddl
    ret = self._execute_context(
          ^^^^^^^^^^^^^^^^^^^^^^
  File "/home/airflow/.local/lib/python3.11/site-packages/sqlalchemy/engine/base.py", line 1953, in _execute_context
    self._handle_dbapi_exception(
  File "/home/airflow/.local/lib/python3.11/site-packages/sqlalchemy/engine/base.py", line 2134, in _handle_dbapi_exception
    util.raise_(
  File "/home/airflow/.local/lib/python3.11/site-packages/sqlalchemy/util/compat.py", line 211, in raise_
    raise exception
  File "/home/airflow/.local/lib/python3.11/site-packages/sqlalchemy/engine/base.py", line 1910, in _execute_context
    self.dialect.do_execute(
  File "/home/airflow/.local/lib/python3.11/site-packages/sqlalchemy/engine/default.py", line 736, in do_execute
    cursor.execute(statement, parameters)
sqlalchemy.exc.ProgrammingError: (psycopg2.errors.InvalidSchemaName) schema "olist" does not exist
LINE 2: CREATE TABLE olist.old_customer1 (
                     ^

[SQL: 
CREATE TABLE olist.old_customer1 (
	index BIGINT, 
	customer_id TEXT, 
	customer_unique_id TEXT, 
	customer_zip_code_prefix BIGINT, 
	customer_city TEXT, 
	customer_state TEXT
)

]
(Background on this error at: https://sqlalche.me/e/14/f405)
[2024-01-29T08:46:57.900+0000] {taskinstance.py:1398} INFO - Marking task as UP_FOR_RETRY. dag_id=read_s3_data, task_id=read_s3_data, execution_date=20240129T084604, start_date=20240129T084649, end_date=20240129T084657
[2024-01-29T08:46:57.912+0000] {standard_task_runner.py:104} ERROR - Failed to execute job 2725 for task read_s3_data ((psycopg2.errors.InvalidSchemaName) schema "olist" does not exist
LINE 2: CREATE TABLE olist.old_customer1 (
                     ^

[SQL: 
CREATE TABLE olist.old_customer1 (
	index BIGINT, 
	customer_id TEXT, 
	customer_unique_id TEXT, 
	customer_zip_code_prefix BIGINT, 
	customer_city TEXT, 
	customer_state TEXT
)

]
(Background on this error at: https://sqlalche.me/e/14/f405); 57835)
[2024-01-29T08:46:57.933+0000] {local_task_job_runner.py:228} INFO - Task exited with return code 1
[2024-01-29T08:46:57.952+0000] {taskinstance.py:2776} INFO - 0 downstream tasks scheduled from follow-on schedule check
