[2023-04-26T01:18:01.497+0000] {taskinstance.py:1083} INFO - Dependencies all met for <TaskInstance: read_s3_bucket.read_object scheduled__2023-04-25T00:00:00+00:00 [queued]>
[2023-04-26T01:18:01.585+0000] {taskinstance.py:1083} INFO - Dependencies all met for <TaskInstance: read_s3_bucket.read_object scheduled__2023-04-25T00:00:00+00:00 [queued]>
[2023-04-26T01:18:01.593+0000] {taskinstance.py:1279} INFO - 
--------------------------------------------------------------------------------
[2023-04-26T01:18:01.594+0000] {taskinstance.py:1280} INFO - Starting attempt 1 of 4
[2023-04-26T01:18:01.597+0000] {taskinstance.py:1281} INFO - 
--------------------------------------------------------------------------------
[2023-04-26T01:18:01.638+0000] {taskinstance.py:1300} INFO - Executing <Task(PythonOperator): read_object> on 2023-04-25 00:00:00+00:00
[2023-04-26T01:18:01.667+0000] {standard_task_runner.py:55} INFO - Started process 44089 to run task
[2023-04-26T01:18:01.689+0000] {standard_task_runner.py:82} INFO - Running: ['***', 'tasks', 'run', 'read_s3_bucket', 'read_object', 'scheduled__2023-04-25T00:00:00+00:00', '--job-id', '4632', '--raw', '--subdir', 'DAGS_FOLDER/read_s3.py', '--cfg-path', '/tmp/tmp48kn8nlz']
[2023-04-26T01:18:01.693+0000] {standard_task_runner.py:83} INFO - Job 4632: Subtask read_object
[2023-04-26T01:18:02.027+0000] {task_command.py:388} INFO - Running <TaskInstance: read_s3_bucket.read_object scheduled__2023-04-25T00:00:00+00:00 [running]> on host fe34f61acbb3
[2023-04-26T01:18:02.187+0000] {taskinstance.py:1509} INFO - Exporting the following env vars:
AIRFLOW_CTX_DAG_OWNER=***
AIRFLOW_CTX_DAG_ID=read_s3_bucket
AIRFLOW_CTX_TASK_ID=read_object
AIRFLOW_CTX_EXECUTION_DATE=2023-04-25T00:00:00+00:00
AIRFLOW_CTX_TRY_NUMBER=1
AIRFLOW_CTX_DAG_RUN_ID=scheduled__2023-04-25T00:00:00+00:00
[2023-04-26T01:18:08.143+0000] {taskinstance.py:1768} ERROR - Task failed with exception
Traceback (most recent call last):
  File "/home/airflow/.local/lib/python3.7/site-packages/urllib3/response.py", line 444, in _error_catcher
    yield
  File "/home/airflow/.local/lib/python3.7/site-packages/urllib3/response.py", line 567, in read
    data = self._fp_read(amt) if not fp_closed else b""
  File "/home/airflow/.local/lib/python3.7/site-packages/urllib3/response.py", line 533, in _fp_read
    return self._fp.read(amt) if amt is not None else self._fp.read()
  File "/usr/local/lib/python3.7/http/client.py", line 478, in read
    s = self._safe_read(self.length)
  File "/usr/local/lib/python3.7/http/client.py", line 630, in _safe_read
    raise IncompleteRead(b''.join(s), amt)
http.client.IncompleteRead: IncompleteRead(5000145 bytes read, 4033812 more expected)

During handling of the above exception, another exception occurred:

Traceback (most recent call last):
  File "/home/airflow/.local/lib/python3.7/site-packages/botocore/response.py", line 99, in read
    chunk = self._raw_stream.read(amt)
  File "/home/airflow/.local/lib/python3.7/site-packages/urllib3/response.py", line 593, in read
    raise IncompleteRead(self._fp_bytes_read, self.length_remaining)
  File "/usr/local/lib/python3.7/contextlib.py", line 130, in __exit__
    self.gen.throw(type, value, traceback)
  File "/home/airflow/.local/lib/python3.7/site-packages/urllib3/response.py", line 461, in _error_catcher
    raise ProtocolError("Connection broken: %r" % e, e)
urllib3.exceptions.ProtocolError: ('Connection broken: IncompleteRead(5000145 bytes read, 4033812 more expected)', IncompleteRead(5000145 bytes read, 4033812 more expected))

During handling of the above exception, another exception occurred:

Traceback (most recent call last):
  File "/home/airflow/.local/lib/python3.7/site-packages/airflow/operators/python.py", line 175, in execute
    return_value = self.execute_callable()
  File "/home/airflow/.local/lib/python3.7/site-packages/airflow/operators/python.py", line 192, in execute_callable
    return self.python_callable(*self.op_args, **self.op_kwargs)
  File "/opt/airflow/dags/read_s3.py", line 30, in read_object
    df = wr.s3.read_csv(path='s3://staging-kaggle-dataset/olist/olist_customers_dataset.csv',boto3_session=session)
  File "/home/airflow/.local/lib/python3.7/site-packages/awswrangler/s3/_read_text.py", line 317, in read_csv
    **pandas_kwargs,
  File "/home/airflow/.local/lib/python3.7/site-packages/awswrangler/s3/_read_text.py", line 156, in _read_text
    path=paths[0], version_id=version_id[paths[0]] if isinstance(version_id, dict) else version_id, **args
  File "/home/airflow/.local/lib/python3.7/site-packages/awswrangler/s3/_read_text.py", line 94, in _read_text_file
    df: pd.DataFrame = parser_func(f, **pandas_kwargs)
  File "/home/airflow/.local/lib/python3.7/site-packages/pandas/util/_decorators.py", line 311, in wrapper
    return func(*args, **kwargs)
  File "/home/airflow/.local/lib/python3.7/site-packages/pandas/io/parsers/readers.py", line 586, in read_csv
    return _read(filepath_or_buffer, kwds)
  File "/home/airflow/.local/lib/python3.7/site-packages/pandas/io/parsers/readers.py", line 482, in _read
    parser = TextFileReader(filepath_or_buffer, **kwds)
  File "/home/airflow/.local/lib/python3.7/site-packages/pandas/io/parsers/readers.py", line 811, in __init__
    self._engine = self._make_engine(self.engine)
  File "/home/airflow/.local/lib/python3.7/site-packages/pandas/io/parsers/readers.py", line 1040, in _make_engine
    return mapping[engine](self.f, **self.options)  # type: ignore[call-arg]
  File "/home/airflow/.local/lib/python3.7/site-packages/pandas/io/parsers/c_parser_wrapper.py", line 69, in __init__
    self._reader = parsers.TextReader(self.handles.handle, **kwds)
  File "pandas/_libs/parsers.pyx", line 542, in pandas._libs.parsers.TextReader.__cinit__
  File "pandas/_libs/parsers.pyx", line 642, in pandas._libs.parsers.TextReader._get_header
  File "pandas/_libs/parsers.pyx", line 843, in pandas._libs.parsers.TextReader._tokenize_rows
  File "pandas/_libs/parsers.pyx", line 1917, in pandas._libs.parsers.raise_parser_error
  File "/home/airflow/.local/lib/python3.7/site-packages/botocore/response.py", line 104, in read
    raise ResponseStreamingError(error=e)
botocore.exceptions.ResponseStreamingError: An error occurred while reading from response stream: ('Connection broken: IncompleteRead(5000145 bytes read, 4033812 more expected)', IncompleteRead(5000145 bytes read, 4033812 more expected))
[2023-04-26T01:18:08.414+0000] {taskinstance.py:1323} INFO - Marking task as UP_FOR_RETRY. dag_id=read_s3_bucket, task_id=read_object, execution_date=20230425T000000, start_date=20230426T011801, end_date=20230426T011808
[2023-04-26T01:18:08.603+0000] {standard_task_runner.py:105} ERROR - Failed to execute job 4632 for task read_object (An error occurred while reading from response stream: ('Connection broken: IncompleteRead(5000145 bytes read, 4033812 more expected)', IncompleteRead(5000145 bytes read, 4033812 more expected)); 44089)
[2023-04-26T01:18:08.878+0000] {local_task_job.py:208} INFO - Task exited with return code 1
[2023-04-26T01:18:08.933+0000] {taskinstance.py:2578} INFO - 0 downstream tasks scheduled from follow-on schedule check
